TN:
SF:src/amplitude-provider.tsx
FN:22,AmplitudeProvider
FNF:1
FNH:0
FNDA:0,AmplitudeProvider
DA:1,1
DA:8,1
DA:9,1
DA:10,1
DA:11,1
DA:12,1
DA:13,1
DA:14,1
DA:22,1
DA:23,0
DA:24,0
DA:25,0
DA:26,0
DA:27,0
DA:28,0
DA:29,0
DA:30,0
DA:31,0
DA:33,0
DA:34,0
DA:35,0
DA:36,0
DA:37,0
DA:38,0
DA:39,0
DA:40,0
DA:41,0
DA:43,0
DA:44,0
DA:45,0
DA:46,0
DA:47,0
DA:48,0
DA:49,0
DA:50,0
DA:52,0
DA:53,0
DA:54,0
DA:55,0
DA:56,0
DA:57,0
DA:58,0
DA:59,0
DA:60,0
DA:62,0
DA:63,0
DA:65,0
LF:47
LH:9
BRF:0
BRH:0
end_of_record
TN:
SF:src/index.ts
FN:1,(empty-report)
FNF:1
FNH:0
FNDA:0,(empty-report)
DA:1,0
DA:2,0
LF:2
LH:0
BRDA:1,0,0,0
BRF:1
BRH:0
end_of_record
TN:
SF:src/use-amplitude.ts
FN:14,useAmplitude
FNF:1
FNH:1
FNDA:7,useAmplitude
DA:1,1
DA:14,7
DA:15,7
DA:16,7
DA:17,7
DA:18,7
DA:19,7
DA:20,7
DA:21,7
DA:23,7
DA:24,7
DA:25,3
DA:26,2
DA:27,2
DA:28,3
DA:29,0
DA:30,0
DA:31,3
DA:32,7
DA:33,7
DA:35,7
DA:36,7
DA:37,1
DA:38,1
DA:39,1
DA:40,1
DA:41,1
DA:42,1
DA:43,1
DA:44,1
DA:45,7
DA:46,7
DA:48,7
DA:49,7
DA:50,0
DA:51,0
DA:52,0
DA:53,0
DA:54,0
DA:55,0
DA:56,0
DA:57,0
DA:58,0
DA:59,0
DA:60,0
DA:61,0
DA:62,7
DA:63,7
DA:65,7
DA:66,7
DA:67,1
DA:68,1
DA:69,1
DA:70,1
DA:71,1
DA:72,1
DA:73,1
DA:74,7
DA:75,7
DA:77,7
DA:78,7
DA:79,0
DA:80,0
DA:81,0
DA:82,0
DA:83,0
DA:84,0
DA:85,0
DA:86,7
DA:87,7
DA:89,7
DA:90,7
DA:91,0
DA:92,0
DA:93,0
DA:94,0
DA:95,0
DA:96,0
DA:97,0
DA:98,7
DA:99,7
DA:101,7
DA:102,7
DA:103,1
DA:104,1
DA:105,1
DA:106,1
DA:107,1
DA:108,1
DA:109,1
DA:110,7
DA:111,7
DA:113,7
DA:114,1
DA:115,1
DA:116,1
DA:117,7
DA:119,7
DA:120,7
DA:121,1
DA:122,1
DA:123,2
DA:124,1
DA:125,1
DA:126,1
DA:127,7
DA:128,7
DA:130,7
DA:131,7
DA:132,7
DA:133,7
DA:134,7
DA:135,7
DA:136,7
DA:137,7
DA:138,7
DA:139,7
DA:140,7
DA:141,7
DA:142,7
DA:143,7
LF:121
LH:93
BRDA:14,0,0,7
BRDA:24,1,0,3
BRDA:25,2,0,1
BRDA:25,3,0,2
BRDA:28,4,0,0
BRDA:36,5,0,1
BRDA:66,6,0,1
BRDA:102,7,0,1
BRDA:113,8,0,1
BRDA:120,9,0,1
BRDA:122,10,0,2
BRF:11
BRH:10
end_of_record
TN:
SF:src/constants/amplitude.ts
FNF:0
FNH:0
DA:1,1
DA:2,1
DA:3,1
LF:3
LH:3
BRF:0
BRH:0
end_of_record
TN:
SF:src/types/amplitude.ts
FN:1,(empty-report)
FNF:1
FNH:1
FNDA:1,(empty-report)
LF:0
LH:0
BRDA:1,0,0,1
BRF:1
BRH:1
end_of_record
